14:07:34.191 [main] INFO  - Goto my account-->Click on Login.. 
14:07:34.883 [main] INFO  - Entering email and password.. 
14:07:35.559 [main] INFO  - clicked on login button...
15:21:51.876 [main] INFO  - Goto my account-->Click on Login.. 
15:21:53.135 [main] INFO  - Entering email and password.. 
15:21:54.620 [main] INFO  - clicked on login button...
15:32:55.009 [main] INFO  - Goto my account-->Click on Login.. 
15:32:55.760 [main] INFO  - Entering email and password.. 
15:32:56.517 [main] INFO  - clicked on login button...
15:44:58.490 [main] INFO  - Goto my account-->Click on Login.. 
15:44:59.375 [main] INFO  - Entering email and password.. 
15:45:00.720 [main] INFO  - clicked on login button...
11:24:02.941 [pool-3-thread-1] INFO  - Goto my account-->Click on Login.. 
11:24:03.761 [pool-3-thread-1] INFO  - Entering email and password.. 
11:24:06.101 [pool-3-thread-1] INFO  - clicked on login button...
11:25:07.956 [main] INFO  - Goto my account-->Click on Login.. 
11:25:08.604 [main] INFO  - Entering email and password.. 
11:25:09.732 [main] INFO  - clicked on login button...
11:27:34.728 [main] INFO  - Goto my account-->Click on Login.. 
11:27:35.361 [main] INFO  - Entering email and password.. 
11:27:36.283 [main] INFO  - clicked on login button...
11:28:39.062 [pool-3-thread-1] INFO  - Goto my account-->Click on Login.. 
11:28:39.709 [pool-3-thread-1] INFO  - Entering email and password.. 
11:28:41.527 [pool-3-thread-1] INFO  - clicked on login button...
11:30:58.762 [main] INFO  - Goto my account-->Click on Login.. 
11:30:59.506 [main] INFO  - Entering email and password.. 
11:31:00.817 [main] INFO  - clicked on login button...
11:32:42.541 [main] INFO  - Goto my account-->Click on Login.. 
11:32:46.118 [main] INFO  - Entering email and password.. 
11:32:47.244 [main] INFO  - clicked on login button...
11:34:08.134 [main] INFO  - Goto my account-->Click on Login.. 
11:34:08.801 [main] INFO  - Entering email and password.. 
11:34:10.471 [main] INFO  - clicked on login button...
11:45:34.561 [main] INFO  - Goto my account-->Click on Login.. 
11:45:35.241 [main] INFO  - Entering email and password.. 
11:45:36.544 [main] INFO  - clicked on login button...
11:48:32.063 [main] INFO  - Goto my account-->Click on Login.. 
11:48:32.749 [main] INFO  - Entering email and password.. 
11:48:34.206 [main] INFO  - clicked on login button...
12:19:09.362 [main] INFO  - Goto my account-->Click on Login.. 
12:19:10.371 [main] INFO  - Entering email and password.. 
12:19:11.738 [main] INFO  - clicked on login button...
12:24:14.670 [main] INFO  - Goto my account-->Click on Login.. 
12:24:15.551 [main] INFO  - Entering email and password.. 
12:24:16.857 [main] INFO  - clicked on login button...
12:25:59.705 [main] INFO  - Goto my account-->Click on Login.. 
12:26:00.443 [main] INFO  - Entering email and password.. 
12:26:01.724 [main] INFO  - clicked on login button...
12:40:21.946 [main] INFO  - Goto my account-->Click on Login.. 
12:40:22.616 [main] INFO  - Entering email and password.. 
12:40:24.212 [main] INFO  - clicked on login button...
12:48:13.135 [main] INFO  - Goto my account-->Click on Login.. 
12:48:14.187 [main] INFO  - Entering email and password.. 
12:48:15.338 [main] INFO  - clicked on login button...
07:20:02.541 [main] INFO  - Goto my account-->Click on Login.. 
07:20:03.687 [main] INFO  - Entering email and password.. 
07:20:04.885 [main] INFO  - clicked on login button...
07:26:07.255 [main] INFO  - Goto my account-->Click on Login.. 
07:26:08.073 [main] INFO  - Entering email and password.. 
07:26:08.937 [main] INFO  - clicked on login button...
07:27:45.855 [main] INFO  - Goto my account-->Click on Login.. 
07:27:46.685 [main] INFO  - Entering email and password.. 
07:27:47.506 [main] INFO  - clicked on login button...
07:42:18.774 [main] INFO  - Goto my account-->Click on Login.. 
07:42:19.621 [main] INFO  - Entering email and password.. 
07:42:20.495 [main] INFO  - clicked on login button...
07:44:30.850 [main] INFO  - Goto my account-->Click on Login.. 
07:44:31.695 [main] INFO  - Entering email and password.. 
07:44:32.578 [main] INFO  - clicked on login button...
07:46:04.249 [main] INFO  - Goto my account-->Click on Login.. 
07:46:05.043 [main] INFO  - Entering email and password.. 
07:46:05.916 [main] INFO  - clicked on login button...
07:52:55.919 [main] INFO  - Goto my account-->Click on Login.. 
07:52:56.718 [main] INFO  - Entering email and password.. 
07:52:57.593 [main] INFO  - clicked on login button...
12:47:43.372 [main] INFO  - Goto my account-->Click on Login.. 
12:47:43.743 [main] INFO  - Entering email and password.. 
12:47:44.600 [main] INFO  - clicked on login button...
12:47:46.794 [main] INFO  - Goto my account-->Click on Login.. 
12:47:47.456 [main] INFO  - Entering email and password.. 
12:47:48.368 [main] INFO  - clicked on login button...
12:47:50.605 [main] INFO  - Goto my account-->Click on Login.. 
12:47:50.922 [main] INFO  - Entering email and password.. 
12:47:51.838 [main] INFO  - clicked on login button...
22:41:37.726 [main] INFO  - Goto my account-->Click on Login.. 
22:41:38.089 [main] INFO  - Entering email and password.. 
22:41:38.998 [main] INFO  - clicked on login button...
22:41:41.566 [main] INFO  - Goto my account-->Click on Login.. 
22:41:42.523 [main] INFO  - Entering email and password.. 
22:41:43.275 [main] INFO  - clicked on login button...
22:41:46.631 [main] INFO  - Goto my account-->Click on Login.. 
22:41:46.934 [main] INFO  - Entering email and password.. 
22:41:47.813 [main] INFO  - clicked on login button...
22:51:24.675 [main] INFO  - Goto my account-->Click on Login.. 
22:51:25.111 [main] INFO  - Entering email and password.. 
22:51:25.941 [main] INFO  - clicked on login button...
22:51:28.197 [main] INFO  - Goto my account-->Click on Login.. 
22:51:29.220 [main] INFO  - Entering email and password.. 
22:51:30.008 [main] INFO  - clicked on login button...
22:51:33.622 [main] INFO  - Goto my account-->Click on Login.. 
22:51:34.455 [main] INFO  - Entering email and password.. 
22:51:35.274 [main] INFO  - clicked on login button...
22:52:44.565 [main] INFO  - Goto my account-->Click on Login.. 
22:52:45.026 [main] INFO  - Entering email and password.. 
22:52:46.424 [main] INFO  - clicked on login button...
22:52:50.617 [main] INFO  - Goto my account-->Click on Login.. 
22:52:51.582 [main] INFO  - Entering email and password.. 
22:52:52.403 [main] INFO  - clicked on login button...
22:52:55.562 [main] INFO  - Goto my account-->Click on Login.. 
22:52:55.905 [main] INFO  - Entering email and password.. 
22:52:56.677 [main] INFO  - clicked on login button...
23:07:09.772 [main] INFO  - Goto my account-->Click on Login.. 
23:07:10.823 [main] INFO  - Entering email and password.. 
23:07:11.735 [main] INFO  - clicked on login button...
23:07:14.752 [main] INFO  - Goto my account-->Click on Login.. 
23:07:15.294 [main] INFO  - Entering email and password.. 
23:07:16.078 [main] INFO  - clicked on login button...
23:07:18.762 [main] INFO  - Goto my account-->Click on Login.. 
23:07:19.534 [main] INFO  - Entering email and password.. 
23:07:20.421 [main] INFO  - clicked on login button...
